<?xml version="1.0" encoding="UTF-8"?>
<!-- Generated by org.testng.reporters.JUnitReportReporter -->
<testsuite hostname="HW1388" name="com.java_practice.FileUploadingGmail" tests="1" failures="0" timestamp="15 Feb 2017 12:49:44 GMT" time="48.629" errors="0">
  <testcase name="testUpload" time="48.629" classname="com.java_practice.FileUploadingGmail"/>
</testsuite> <!-- com.java_practice.FileUploadingGmail -->
