<?xml version="1.0" encoding="UTF-8"?>
<!-- Generated by org.testng.reporters.JUnitReportReporter -->
<testsuite hostname="HW1388" name="com.pack.test.HtmlReportGeneration" tests="1" failures="0" timestamp="23 Jun 2017 10:20:06 GMT" time="28.965" errors="0">
  <testcase name="main" time="28.965" classname="com.pack.test.HtmlReportGeneration"/>
</testsuite> <!-- com.pack.test.HtmlReportGeneration -->
