<?xml version="1.0" encoding="UTF-8"?>
<!-- Generated by org.testng.reporters.JUnitReportReporter -->
<testsuite hostname="HW1388" name="com.parallelExeExample.ParallelTest" tests="2" failures="0" timestamp="21 Jun 2017 07:31:24 GMT" time="101.249" errors="1">
  <testcase name="test1" time="22.325" classname="com.parallelExeExample.ParallelTest"/>
  <testcase name="test2" time="78.924" classname="com.parallelExeExample.ParallelTest">
    <error type="org.openqa.selenium.WebDriverException" message="Failed to connect to binary FirefoxBinary(C:\Program Files (x86)\Mozilla Firefox\firefox.exe) on port 7055; process output follows: 
30244779	addons.xpi	DEBUG	Loading bootstrap scope from C:\Program Files (x86)\Mozilla Firefox\browser\features\e10srollout@mozilla.org.xpi
1498030244782	addons.xpi	DEBUG	Calling bootstrap method startup on e10srollout@mozilla.org version 1.14
1498030244782	addons.xpi	DEBUG	Registering manifest for C:\Program Files (x86)\Mozilla Firefox\browser\features\firefox@getpocket.com.xpi
1498030244783	addons.xpi	DEBUG	Loading bootstrap scope from C:\Program Files (x86)\Mozilla Firefox\browser\features\firefox@getpocket.com.xpi
1498030244786	addons.xpi	DEBUG	Calling bootstrap method startup on firefox@getpocket.com version 1.0.5
1498030244792	addons.xpi-utils	DEBUG	Starting async load of XPI database C:\Users\E002466\AppData\Local\Temp\anonymous392102668818134993webdriver-profile\extensions.json
1498030244793	addons.xpi	DEBUG	Registering manifest for C:\Program Files (x86)\Mozilla Firefox\browser\features\webcompat@mozilla.org.xpi
1498030244793	addons.xpi	DEBUG	Loading bootstrap scope from C:\Program Files (x86)\Mozilla Firefox\browser\features\webcompat@mozilla.org.xpi
1498030244796	addons.xpi	DEBUG	Calling bootstrap method startup on webcompat@mozilla.org version 1.0
1498030244797	addons.manager	DEBUG	Registering shutdown blocker for XPIProvider
1498030244797	addons.manager	DEBUG	Provider finished startup: XPIProvider
1498030244798	addons.manager	DEBUG	Starting provider: LightweightThemeManager
1498030244798	addons.manager	DEBUG	Registering shutdown blocker for LightweightThemeManager
1498030244798	addons.manager	DEBUG	Provider finished startup: LightweightThemeManager
1498030244798	addons.manager	DEBUG	Starting provider: GMPProvider
1498030244803	addons.manager	DEBUG	Registering shutdown blocker for GMPProvider
1498030244804	addons.manager	DEBUG	Provider finished startup: GMPProvider
1498030244804	addons.manager	DEBUG	Starting provider: PluginProvider
1498030244804	addons.manager	DEBUG	Registering shutdown blocker for PluginProvider
1498030244804	addons.manager	DEBUG	Provider finished startup: PluginProvider
1498030244804	addons.manager	DEBUG	Completed startup sequence
1498030245127	addons.xpi-utils	DEBUG	Async JSON file read took 0 MS
1498030245127	addons.xpi-utils	DEBUG	Finished async read of XPI database, parsing...
1498030245129	addons.xpi-utils	DEBUG	Successfully read XPI database
1498030245140	addons.manager	DEBUG	Starting provider: &lt;unnamed-provider&gt;
1498030245140	addons.manager	DEBUG	Registering shutdown blocker for &lt;unnamed-provider&gt;
1498030245140	addons.manager	DEBUG	Provider finished startup: &lt;unnamed-provider&gt;
*** Blocklist::_loadBlocklistFromFile: blocklist is disabled
1498030245262	addons.manager	DEBUG	Starting provider: PreviousExperimentProvider
1498030245262	addons.manager	DEBUG	Registering shutdown blocker for PreviousExperimentProvider
1498030245262	addons.manager	DEBUG	Provider finished startup: PreviousExperimentProvider
1498030263881	addons.xpi	DEBUG	Calling bootstrap method shutdown on webcompat@mozilla.org version 1.0
1498030263882	addons.xpi	DEBUG	Calling bootstrap method shutdown on firefox@getpocket.com version 1.0.5
1498030263884	addons.xpi	DEBUG	Calling bootstrap method shutdown on e10srollout@mozilla.org version 1.14
1498030263889	addons.xpi	DEBUG	Calling bootstrap method shutdown on aushelper@mozilla.org version 2.0
1498030264248	addons.manager	DEBUG	shutdown
1498030264248	addons.manager	DEBUG	Calling shutdown blocker for XPIProvider
1498030264248	addons.xpi	DEBUG	shutdown
1498030264248	addons.xpi-utils	DEBUG	shutdown
1498030264249	addons.manager	DEBUG	Calling shutdown blocker for LightweightThemeManager
1498030264250	addons.manager	DEBUG	Calling shutdown blocker for GMPProvider
1498030264251	addons.manager	DEBUG	Calling shutdown blocker for PluginProvider
1498030264252	addons.manager	DEBUG	Calling shutdown blocker for &lt;unnamed-provider&gt;
1498030264253	addons.manager	DEBUG	Calling shutdown blocker for PreviousExperimentProvider
1498030264254	addons.xpi	DEBUG	Notifying XPI shutdown observers
1498030264257	addons.manager	DEBUG	Async provider shutdown done

Build info: version: &#039;2.45.0&#039;, revision: &#039;32a636c&#039;, time: &#039;2015-03-05 22:01:35&#039;
System info: host: &#039;HW1388&#039;, ip: &#039;172.16.8.25&#039;, os.name: &#039;Windows 7&#039;, os.arch: &#039;x86&#039;, os.version: &#039;6.1&#039;, java.version: &#039;1.8.0_121&#039;
Driver info: driver.version: FirefoxDriver">
      <![CDATA[org.openqa.selenium.WebDriverException: Failed to connect to binary FirefoxBinary(C:\Program Files (x86)\Mozilla Firefox\firefox.exe) on port 7055; process output follows: 
30244779	addons.xpi	DEBUG	Loading bootstrap scope from C:\Program Files (x86)\Mozilla Firefox\browser\features\e10srollout@mozilla.org.xpi
1498030244782	addons.xpi	DEBUG	Calling bootstrap method startup on e10srollout@mozilla.org version 1.14
1498030244782	addons.xpi	DEBUG	Registering manifest for C:\Program Files (x86)\Mozilla Firefox\browser\features\firefox@getpocket.com.xpi
1498030244783	addons.xpi	DEBUG	Loading bootstrap scope from C:\Program Files (x86)\Mozilla Firefox\browser\features\firefox@getpocket.com.xpi
1498030244786	addons.xpi	DEBUG	Calling bootstrap method startup on firefox@getpocket.com version 1.0.5
1498030244792	addons.xpi-utils	DEBUG	Starting async load of XPI database C:\Users\E002466\AppData\Local\Temp\anonymous392102668818134993webdriver-profile\extensions.json
1498030244793	addons.xpi	DEBUG	Registering manifest for C:\Program Files (x86)\Mozilla Firefox\browser\features\webcompat@mozilla.org.xpi
1498030244793	addons.xpi	DEBUG	Loading bootstrap scope from C:\Program Files (x86)\Mozilla Firefox\browser\features\webcompat@mozilla.org.xpi
1498030244796	addons.xpi	DEBUG	Calling bootstrap method startup on webcompat@mozilla.org version 1.0
1498030244797	addons.manager	DEBUG	Registering shutdown blocker for XPIProvider
1498030244797	addons.manager	DEBUG	Provider finished startup: XPIProvider
1498030244798	addons.manager	DEBUG	Starting provider: LightweightThemeManager
1498030244798	addons.manager	DEBUG	Registering shutdown blocker for LightweightThemeManager
1498030244798	addons.manager	DEBUG	Provider finished startup: LightweightThemeManager
1498030244798	addons.manager	DEBUG	Starting provider: GMPProvider
1498030244803	addons.manager	DEBUG	Registering shutdown blocker for GMPProvider
1498030244804	addons.manager	DEBUG	Provider finished startup: GMPProvider
1498030244804	addons.manager	DEBUG	Starting provider: PluginProvider
1498030244804	addons.manager	DEBUG	Registering shutdown blocker for PluginProvider
1498030244804	addons.manager	DEBUG	Provider finished startup: PluginProvider
1498030244804	addons.manager	DEBUG	Completed startup sequence
1498030245127	addons.xpi-utils	DEBUG	Async JSON file read took 0 MS
1498030245127	addons.xpi-utils	DEBUG	Finished async read of XPI database, parsing...
1498030245129	addons.xpi-utils	DEBUG	Successfully read XPI database
1498030245140	addons.manager	DEBUG	Starting provider: <unnamed-provider>
1498030245140	addons.manager	DEBUG	Registering shutdown blocker for <unnamed-provider>
1498030245140	addons.manager	DEBUG	Provider finished startup: <unnamed-provider>
*** Blocklist::_loadBlocklistFromFile: blocklist is disabled
1498030245262	addons.manager	DEBUG	Starting provider: PreviousExperimentProvider
1498030245262	addons.manager	DEBUG	Registering shutdown blocker for PreviousExperimentProvider
1498030245262	addons.manager	DEBUG	Provider finished startup: PreviousExperimentProvider
1498030263881	addons.xpi	DEBUG	Calling bootstrap method shutdown on webcompat@mozilla.org version 1.0
1498030263882	addons.xpi	DEBUG	Calling bootstrap method shutdown on firefox@getpocket.com version 1.0.5
1498030263884	addons.xpi	DEBUG	Calling bootstrap method shutdown on e10srollout@mozilla.org version 1.14
1498030263889	addons.xpi	DEBUG	Calling bootstrap method shutdown on aushelper@mozilla.org version 2.0
1498030264248	addons.manager	DEBUG	shutdown
1498030264248	addons.manager	DEBUG	Calling shutdown blocker for XPIProvider
1498030264248	addons.xpi	DEBUG	shutdown
1498030264248	addons.xpi-utils	DEBUG	shutdown
1498030264249	addons.manager	DEBUG	Calling shutdown blocker for LightweightThemeManager
1498030264250	addons.manager	DEBUG	Calling shutdown blocker for GMPProvider
1498030264251	addons.manager	DEBUG	Calling shutdown blocker for PluginProvider
1498030264252	addons.manager	DEBUG	Calling shutdown blocker for <unnamed-provider>
1498030264253	addons.manager	DEBUG	Calling shutdown blocker for PreviousExperimentProvider
1498030264254	addons.xpi	DEBUG	Notifying XPI shutdown observers
1498030264257	addons.manager	DEBUG	Async provider shutdown done

Build info: version: '2.45.0', revision: '32a636c', time: '2015-03-05 22:01:35'
System info: host: 'HW1388', ip: '172.16.8.25', os.name: 'Windows 7', os.arch: 'x86', os.version: '6.1', java.version: '1.8.0_121'
Driver info: driver.version: FirefoxDriver
	at org.openqa.selenium.firefox.internal.NewProfileExtensionConnection.start(NewProfileExtensionConnection.java:130)
	at org.openqa.selenium.firefox.FirefoxDriver.startClient(FirefoxDriver.java:246)
	at org.openqa.selenium.remote.RemoteWebDriver.<init>(RemoteWebDriver.java:114)
	at org.openqa.selenium.firefox.FirefoxDriver.<init>(FirefoxDriver.java:193)
	at org.openqa.selenium.firefox.FirefoxDriver.<init>(FirefoxDriver.java:186)
	at org.openqa.selenium.firefox.FirefoxDriver.<init>(FirefoxDriver.java:182)
	at org.openqa.selenium.firefox.FirefoxDriver.<init>(FirefoxDriver.java:95)
	at com.parallelExeExample.ParallelTest.test2(ParallelTest.java:27)
	at sun.reflect.NativeMethodAccessorImpl.invoke0(Native Method)
	at sun.reflect.NativeMethodAccessorImpl.invoke(Unknown Source)
	at sun.reflect.DelegatingMethodAccessorImpl.invoke(Unknown Source)
	at java.lang.reflect.Method.invoke(Unknown Source)
	at org.testng.internal.MethodInvocationHelper.invokeMethod(MethodInvocationHelper.java:86)
	at org.testng.internal.Invoker.invokeMethod(Invoker.java:643)
	at org.testng.internal.Invoker.invokeTestMethod(Invoker.java:820)
	at org.testng.internal.Invoker.invokeTestMethods(Invoker.java:1128)
	at org.testng.internal.TestMethodWorker.invokeTestMethods(TestMethodWorker.java:129)
	at org.testng.internal.TestMethodWorker.run(TestMethodWorker.java:112)
	at org.testng.TestRunner.privateRun(TestRunner.java:782)
	at org.testng.TestRunner.run(TestRunner.java:632)
	at org.testng.SuiteRunner.runTest(SuiteRunner.java:366)
	at org.testng.SuiteRunner.runSequentially(SuiteRunner.java:361)
	at org.testng.SuiteRunner.privateRun(SuiteRunner.java:319)
	at org.testng.SuiteRunner.run(SuiteRunner.java:268)
	at org.testng.SuiteRunnerWorker.runSuite(SuiteRunnerWorker.java:52)
	at org.testng.SuiteRunnerWorker.run(SuiteRunnerWorker.java:86)
	at org.testng.TestNG.runSuitesSequentially(TestNG.java:1246)
	at org.testng.TestNG.runSuitesLocally(TestNG.java:1171)
	at org.testng.TestNG.run(TestNG.java:1066)
	at org.testng.remote.AbstractRemoteTestNG.run(AbstractRemoteTestNG.java:132)
	at org.testng.remote.RemoteTestNG.initAndRun(RemoteTestNG.java:230)
	at org.testng.remote.RemoteTestNG.main(RemoteTestNG.java:76)
Caused by: org.openqa.selenium.firefox.NotConnectedException: Unable to connect to host 127.0.0.1 on port 7055 after 45000 ms. Firefox console output:
30244779	addons.xpi	DEBUG	Loading bootstrap scope from C:\Program Files (x86)\Mozilla Firefox\browser\features\e10srollout@mozilla.org.xpi
1498030244782	addons.xpi	DEBUG	Calling bootstrap method startup on e10srollout@mozilla.org version 1.14
1498030244782	addons.xpi	DEBUG	Registering manifest for C:\Program Files (x86)\Mozilla Firefox\browser\features\firefox@getpocket.com.xpi
1498030244783	addons.xpi	DEBUG	Loading bootstrap scope from C:\Program Files (x86)\Mozilla Firefox\browser\features\firefox@getpocket.com.xpi
1498030244786	addons.xpi	DEBUG	Calling bootstrap method startup on firefox@getpocket.com version 1.0.5
1498030244792	addons.xpi-utils	DEBUG	Starting async load of XPI database C:\Users\E002466\AppData\Local\Temp\anonymous392102668818134993webdriver-profile\extensions.json
1498030244793	addons.xpi	DEBUG	Registering manifest for C:\Program Files (x86)\Mozilla Firefox\browser\features\webcompat@mozilla.org.xpi
1498030244793	addons.xpi	DEBUG	Loading bootstrap scope from C:\Program Files (x86)\Mozilla Firefox\browser\features\webcompat@mozilla.org.xpi
1498030244796	addons.xpi	DEBUG	Calling bootstrap method startup on webcompat@mozilla.org version 1.0
1498030244797	addons.manager	DEBUG	Registering shutdown blocker for XPIProvider
1498030244797	addons.manager	DEBUG	Provider finished startup: XPIProvider
1498030244798	addons.manager	DEBUG	Starting provider: LightweightThemeManager
1498030244798	addons.manager	DEBUG	Registering shutdown blocker for LightweightThemeManager
1498030244798	addons.manager	DEBUG	Provider finished startup: LightweightThemeManager
1498030244798	addons.manager	DEBUG	Starting provider: GMPProvider
1498030244803	addons.manager	DEBUG	Registering shutdown blocker for GMPProvider
1498030244804	addons.manager	DEBUG	Provider finished startup: GMPProvider
1498030244804	addons.manager	DEBUG	Starting provider: PluginProvider
1498030244804	addons.manager	DEBUG	Registering shutdown blocker for PluginProvider
1498030244804	addons.manager	DEBUG	Provider finished startup: PluginProvider
1498030244804	addons.manager	DEBUG	Completed startup sequence
1498030245127	addons.xpi-utils	DEBUG	Async JSON file read took 0 MS
1498030245127	addons.xpi-utils	DEBUG	Finished async read of XPI database, parsing...
1498030245129	addons.xpi-utils	DEBUG	Successfully read XPI database
1498030245140	addons.manager	DEBUG	Starting provider: <unnamed-provider>
1498030245140	addons.manager	DEBUG	Registering shutdown blocker for <unnamed-provider>
1498030245140	addons.manager	DEBUG	Provider finished startup: <unnamed-provider>
*** Blocklist::_loadBlocklistFromFile: blocklist is disabled
1498030245262	addons.manager	DEBUG	Starting provider: PreviousExperimentProvider
1498030245262	addons.manager	DEBUG	Registering shutdown blocker for PreviousExperimentProvider
1498030245262	addons.manager	DEBUG	Provider finished startup: PreviousExperimentProvider
1498030263881	addons.xpi	DEBUG	Calling bootstrap method shutdown on webcompat@mozilla.org version 1.0
1498030263882	addons.xpi	DEBUG	Calling bootstrap method shutdown on firefox@getpocket.com version 1.0.5
1498030263884	addons.xpi	DEBUG	Calling bootstrap method shutdown on e10srollout@mozilla.org version 1.14
1498030263889	addons.xpi	DEBUG	Calling bootstrap method shutdown on aushelper@mozilla.org version 2.0
1498030264248	addons.manager	DEBUG	shutdown
1498030264248	addons.manager	DEBUG	Calling shutdown blocker for XPIProvider
1498030264248	addons.xpi	DEBUG	shutdown
1498030264248	addons.xpi-utils	DEBUG	shutdown
1498030264249	addons.manager	DEBUG	Calling shutdown blocker for LightweightThemeManager
1498030264250	addons.manager	DEBUG	Calling shutdown blocker for GMPProvider
1498030264251	addons.manager	DEBUG	Calling shutdown blocker for PluginProvider
1498030264252	addons.manager	DEBUG	Calling shutdown blocker for <unnamed-provider>
1498030264253	addons.manager	DEBUG	Calling shutdown blocker for PreviousExperimentProvider
1498030264254	addons.xpi	DEBUG	Notifying XPI shutdown observers
1498030264257	addons.manager	DEBUG	Async provider shutdown done

	at org.openqa.selenium.firefox.internal.NewProfileExtensionConnection.start(NewProfileExtensionConnection.java:118)
	... 31 more
]]>
    </error>
  </testcase> <!-- test2 -->
</testsuite> <!-- com.parallelExeExample.ParallelTest -->
