<?xml version="1.0" encoding="UTF-8"?>
<!-- Generated by org.testng.reporters.JUnitReportReporter -->
<testsuite hostname="HW1388" name="com.java_practice.RandomDate" tests="1" failures="0" timestamp="13 Apr 2017 04:01:11 GMT" time="0.010" errors="0">
  <testcase name="f" time="0.010" classname="com.java_practice.RandomDate"/>
</testsuite> <!-- com.java_practice.RandomDate -->
